<?xml version="1.0" encoding="UTF-8"?>
<testng-results ignored="0" total="1" passed="1" failed="0" skipped="0">
  <reporter-output>
  </reporter-output>
  <suite started-at="2024-11-12T15:19:58 IST" name="Default suite" finished-at="2024-11-12T15:19:58 IST" duration-ms="58">
    <groups>
    </groups>
    <test started-at="2024-11-12T15:19:58 IST" name="Default test" finished-at="2024-11-12T15:19:58 IST" duration-ms="58">
      <class name="practice.datadriventesting.ReadRuntimeMavenParameterTest">
        <test-method signature="runtimeParameterTest()[pri:0, instance:practice.datadriventesting.ReadRuntimeMavenParameterTest@7b36aa0c]" started-at="2024-11-12T15:19:58 IST" name="runtimeParameterTest" finished-at="2024-11-12T15:19:58 IST" duration-ms="18" status="PASS">
          <reporter-output>
          </reporter-output>
        </test-method> <!-- runtimeParameterTest -->
      </class> <!-- practice.datadriventesting.ReadRuntimeMavenParameterTest -->
    </test> <!-- Default test -->
  </suite> <!-- Default suite -->
</testng-results>
