<?xml version="1.0" encoding="UTF-8"?>
<testng-results ignored="0" total="1" passed="1" failed="0" skipped="0">
  <reporter-output>
  </reporter-output>
  <suite started-at="2024-11-12T09:53:33Z" name="Surefire suite" finished-at="2024-11-12T09:53:33Z" duration-ms="24">
    <groups>
    </groups>
    <test started-at="2024-11-12T09:53:33Z" name="Surefire test" finished-at="2024-11-12T09:53:33Z" duration-ms="24">
      <class name="practice.datadriventesting.ReadRuntimeMavenParameterTest">
        <test-method signature="runtimeParameterTest()[pri:0, instance:practice.datadriventesting.ReadRuntimeMavenParameterTest@4d826d77]" started-at="2024-11-12T09:53:33Z" name="runtimeParameterTest" finished-at="2024-11-12T09:53:33Z" duration-ms="5" status="PASS">
          <reporter-output>
          </reporter-output>
        </test-method> <!-- runtimeParameterTest -->
      </class> <!-- practice.datadriventesting.ReadRuntimeMavenParameterTest -->
    </test> <!-- Surefire test -->
  </suite> <!-- Surefire suite -->
</testng-results>
